INFO:root:Starting snippets
INFO:root:Constructing parser
DEBUG:root:Constructing put subparser
INFO:root:Starting snippets
INFO:root:Constructing parser
DEBUG:root:Constructing put subparser
INFO:root:Writing hello:world to snippets.csv
DEBUG:root:Opening file
DEBUG:root:Writing snippet to file
DEBUG:root:Write sucessful
INFO:root:Starting snippets
INFO:root:Constructing parser
DEBUG:root:Constructing put subparser
DEBUG:root:Constructing get subparser
INFO:root:Starting snippets
INFO:root:Constructing parser
DEBUG:root:Constructing put subparser
DEBUG:root:Constructing get subparser
INFO:root:Starting snippets
INFO:root:Constructing parser
DEBUG:root:Constructing put subparser
DEBUG:root:Constructing get subparser
INFO:root:Starting snippets
INFO:root:Constructing parser
DEBUG:root:Constructing put subparser
DEBUG:root:Constructing get subparser
INFO:root:Writing spam:eggs to snippets.csv
DEBUG:root:Opening file
DEBUG:root:Writing snippet to file
DEBUG:root:Write sucessful
INFO:root:Starting snippets
INFO:root:Constructing parser
DEBUG:root:Constructing put subparser
DEBUG:root:Constructing get subparser
INFO:root:Starting snippets
INFO:root:Constructing parser
DEBUG:root:Constructing put subparser
DEBUG:root:Constructing get subparser
INFO:root:Starting snippets
INFO:root:Constructing parser
DEBUG:root:Constructing put subparser
DEBUG:root:Constructing get subparser
INFO:root:Starting snippets
INFO:root:Constructing parser
DEBUG:root:Constructing put subparser
DEBUG:root:Constructing get subparser
INFO:root:Retrieving snippet called hello from snippets.csv
DEBUG:root:Opening file
INFO:root:Starting snippets
INFO:root:Constructing parser
DEBUG:root:Constructing put subparser
DEBUG:root:Constructing get subparser
INFO:root:Retrieving snippet called hello from snippets.csv
DEBUG:root:Opening file
DEBUG:root:Reading snippet from file
INFO:root:Starting snippets
INFO:root:Constructing parser
DEBUG:root:Constructing put subparser
DEBUG:root:Constructing get subparser
INFO:root:Retrieving snippet called hello from snippets.csv
DEBUG:root:Opening file
INFO:root:Starting snippets
INFO:root:Constructing parser
DEBUG:root:Constructing put subparser
DEBUG:root:Constructing get subparser
INFO:root:Retrieving snippet called hello from snippets.csv
DEBUG:root:Opening file
DEBUG:root:Reading snippet from file
INFO:root:Starting snippets
INFO:root:Constructing parser
DEBUG:root:Constructing put subparser
DEBUG:root:Constructing get subparser
INFO:root:Retrieving snippet called hello from snippets.csv
DEBUG:root:Opening file
DEBUG:root:Reading snippet from file
INFO:root:Starting snippets
INFO:root:Constructing parser
DEBUG:root:Constructing put subparser
DEBUG:root:Constructing get subparser
INFO:root:Retrieving snippet called hello from snippets.csv
DEBUG:root:Opening file
DEBUG:root:Reading snippet from file
INFO:root:Starting snippets
INFO:root:Constructing parser
DEBUG:root:Constructing put subparser
DEBUG:root:Constructing get subparser
INFO:root:Retrieving snippet called hello from snippets.csv
DEBUG:root:Opening file
DEBUG:root:Reading snippet from file
DEBUG:root:Located snippet
INFO:root:Retrieving snippet called hello from snippets.csv
DEBUG:root:Opening file
DEBUG:root:Reading snippet from file
DEBUG:root:Located snippet
INFO:root:Starting snippets
INFO:root:Constructing parser
DEBUG:root:Constructing put subparser
DEBUG:root:Constructing get subparser
INFO:root:Retrieving snippet called hello from snippets.csv
DEBUG:root:Opening file
DEBUG:root:Reading snippet from file
INFO:root:Starting snippets
INFO:root:Constructing parser
DEBUG:root:Constructing put subparser
DEBUG:root:Constructing get subparser
INFO:root:Retrieving snippet called hello from snippets.csv
DEBUG:root:Opening file
DEBUG:root:Reading snippet from file
DEBUG:root:Located snippet
INFO:root:Retrieving snippet called hello from snippets.csv
DEBUG:root:Opening file
DEBUG:root:Reading snippet from file
DEBUG:root:Located snippet
INFO:root:Starting snippets
INFO:root:Constructing parser
DEBUG:root:Constructing put subparser
DEBUG:root:Constructing get subparser
INFO:root:Retrieving snippet called hello from snippets.csv
DEBUG:root:Opening file
DEBUG:root:Reading snippet from file
DEBUG:root:Located snippet
INFO:root:Retrieving snippet called hello from snippets.csv
DEBUG:root:Opening file
DEBUG:root:Reading snippet from file
DEBUG:root:Located snippet
INFO:root:Starting snippets
INFO:root:Constructing parser
DEBUG:root:Constructing put subparser
DEBUG:root:Constructing get subparser
INFO:root:Writing spam:eggs to snippets.csv
DEBUG:root:Opening file
DEBUG:root:Writing snippet to file
DEBUG:root:Write sucessful
INFO:root:Starting snippets
INFO:root:Constructing parser
DEBUG:root:Constructing put subparser
DEBUG:root:Constructing get subparser
INFO:root:Retrieving snippet called spam from snippets.csv
DEBUG:root:Opening file
DEBUG:root:Reading snippet from file
INFO:root:Starting snippets
INFO:root:Constructing parser
DEBUG:root:Constructing put subparser
DEBUG:root:Constructing get subparser
INFO:root:Writing spam:eggs to snippets.csv
DEBUG:root:Opening file
DEBUG:root:Writing snippet to file
DEBUG:root:Write sucessful
INFO:root:Starting snippets
INFO:root:Constructing parser
DEBUG:root:Constructing put subparser
DEBUG:root:Constructing get subparser
INFO:root:Retrieving snippet called spam from snippets.csv
DEBUG:root:Opening file
DEBUG:root:Reading snippet from file
DEBUG:root:Located snippet
INFO:root:Retrieving snippet called spam from snippets.csv
DEBUG:root:Opening file
DEBUG:root:Reading snippet from file
DEBUG:root:Located snippet
INFO:root:Starting snippets
INFO:root:Constructing parser
DEBUG:root:Constructing put subparser
DEBUG:root:Constructing get subparser
INFO:root:Writing list comprehension:[item for item in items] to python-notes.csv
DEBUG:root:Opening file
DEBUG:root:Writing snippet to file
DEBUG:root:Write sucessful
INFO:root:Starting snippets
INFO:root:Constructing parser
DEBUG:root:Constructing put subparser
DEBUG:root:Constructing get subparser
INFO:root:Retrieving snippet called list comprehension from python-notes.csv
DEBUG:root:Opening file
DEBUG:root:Reading snippet from file
DEBUG:root:Located snippet
INFO:root:Retrieving snippet called list comprehension from python-notes.csv
DEBUG:root:Opening file
DEBUG:root:Reading snippet from file
DEBUG:root:Located snippet
INFO:root:Starting snippets
INFO:root:Constructing parser
DEBUG:root:Constructing put subparser
DEBUG:root:Constructing get subparser
INFO:root:Writing ask for help:[function --help] to python-notes.csv
DEBUG:root:Opening file
DEBUG:root:Writing snippet to file
DEBUG:root:Write sucessful
INFO:root:Starting snippets
INFO:root:Constructing parser
DEBUG:root:Constructing put subparser
DEBUG:root:Constructing get subparser
INFO:root:Retrieving snippet called ask for help from python-notes.csv
DEBUG:root:Opening file
DEBUG:root:Reading snippet from file
DEBUG:root:Located snippet
INFO:root:Retrieving snippet called ask for help from python-notes.csv
DEBUG:root:Opening file
DEBUG:root:Reading snippet from file
DEBUG:root:Located snippet
INFO:root:Starting snippets
INFO:root:Constructing parser
DEBUG:root:Constructing put subparser
DEBUG:root:Constructing get subparser
INFO:root:Writing spam:eggs to snippets.csv
DEBUG:root:Opening file
DEBUG:root:Writing snippet to file
DEBUG:root:Write sucessful
INFO:root:Starting snippets
INFO:root:Constructing parser
DEBUG:root:Constructing put subparser
DEBUG:root:Constructing get subparser
INFO:root:Writing spam:eggs to snippets.csv
DEBUG:root:Opening file
DEBUG:root:Writing snippet to file
DEBUG:root:Write sucessful
INFO:root:Starting snippets
INFO:root:Constructing parser
DEBUG:root:Constructing put subparser
DEBUG:root:Constructing get subparser
INFO:root:Retrieving snippet called spam from snippets.csv
DEBUG:root:Opening file
DEBUG:root:Reading snippet from file
INFO:root:Starting snippets
INFO:root:Constructing parser
DEBUG:root:Constructing put subparser
DEBUG:root:Constructing get subparser
INFO:root:Retrieving snippet called spam from snippets.csv
DEBUG:root:Opening file
INFO:root:Starting snippets
INFO:root:Constructing parser
DEBUG:root:Constructing put subparser
DEBUG:root:Constructing get subparser
INFO:root:Writing spam:eggs to snippets.csv
DEBUG:root:Opening file
DEBUG:root:Writing snippet to file
DEBUG:root:Write sucessful
INFO:root:Starting snippets
INFO:root:Constructing parser
DEBUG:root:Constructing put subparser
DEBUG:root:Constructing get subparser
INFO:root:Retrieving snippet called spam from snippets.csv
DEBUG:root:Opening file
DEBUG:root:Reading snippet from file
DEBUG:root:Located snippet
INFO:root:Retrieving snippet called spam from snippets.csv
DEBUG:root:Opening file
DEBUG:root:Reading snippet from file
DEBUG:root:Located snippet
INFO:root:Starting snippets
INFO:root:Constructing parser
DEBUG:root:Constructing put subparser
DEBUG:root:Constructing get subparser
INFO:root:Retrieving snippet called hello from snippets.csv
DEBUG:root:Opening file
DEBUG:root:Reading snippet from file
INFO:root:Starting snippets
INFO:root:Constructing parser
DEBUG:root:Constructing put subparser
DEBUG:root:Constructing get subparser
INFO:root:Retrieving snippet called hello from snippets.csv
DEBUG:root:Opening file
DEBUG:root:Reading snippet from file
INFO:root:Starting snippets
INFO:root:Constructing parser
DEBUG:root:Constructing put subparser
DEBUG:root:Constructing get subparser
INFO:root:Writing spam:eggs to snippets.csv
DEBUG:root:Opening file
DEBUG:root:Writing snippet to file
DEBUG:root:Write sucessful
INFO:root:Starting snippets
INFO:root:Constructing parser
DEBUG:root:Constructing put subparser
DEBUG:root:Constructing get subparser
INFO:root:Retrieving snippet called hello from snippets.csv
DEBUG:root:Opening file
DEBUG:root:Reading snippet from file
INFO:root:Starting snippets
INFO:root:Constructing parser
DEBUG:root:Constructing put subparser
DEBUG:root:Constructing get subparser
INFO:root:Retrieving snippet called hello from python-notes.csv
DEBUG:root:Opening file
DEBUG:root:Reading snippet from file
INFO:root:Starting snippets
INFO:root:Constructing parser
DEBUG:root:Constructing put subparser
DEBUG:root:Constructing get subparser
INFO:root:Retrieving snippet called hello from python-notes2.csv
DEBUG:root:Opening file
